-------------------------------------------------------------------------------
Test set: eu.ensup.gestionscolairespringboot.presentation.GestionscolairespringbootApplicationTests
-------------------------------------------------------------------------------
Tests run: 1, Failures: 0, Errors: 1, Skipped: 0, Time elapsed: 9.175 s <<< FAILURE! - in eu.ensup.gestionscolairespringboot.presentation.GestionscolairespringbootApplicationTests
controllerNotNull  Time elapsed: 0.001 s  <<< ERROR!
java.lang.IllegalStateException: Failed to load ApplicationContext
Caused by: org.springframework.beans.factory.UnsatisfiedDependencyException: Error creating bean with name 'org.springframework.boot.autoconfigure.orm.jpa.HibernateJpaConfiguration': Unsatisfied dependency expressed through constructor parameter 0; nested exception is org.springframework.beans.factory.BeanCreationException: Error creating bean with name 'dataSource' defined in class path resource [eu/ensup/gestionscolairespringboot/config/DatabaseConfig.class]: Bean instantiation via factory method failed; nested exception is org.springframework.beans.BeanInstantiationException: Failed to instantiate [javax.sql.DataSource]: Factory method 'dataSource' threw exception; nested exception is java.lang.RuntimeException: Failed to get driver instance for jdbcUrl=jdbc:postgres://hfizmnealqfgij:e008234afb25b7a1b661428d71b021af8855b14c0d848373b0f922594ba4848d@ec2-54-228-250-82.eu-west-1.compute.amazonaws.com:5432/d97jvpal5pcpu7
Caused by: org.springframework.beans.factory.BeanCreationException: Error creating bean with name 'dataSource' defined in class path resource [eu/ensup/gestionscolairespringboot/config/DatabaseConfig.class]: Bean instantiation via factory method failed; nested exception is org.springframework.beans.BeanInstantiationException: Failed to instantiate [javax.sql.DataSource]: Factory method 'dataSource' threw exception; nested exception is java.lang.RuntimeException: Failed to get driver instance for jdbcUrl=jdbc:postgres://hfizmnealqfgij:e008234afb25b7a1b661428d71b021af8855b14c0d848373b0f922594ba4848d@ec2-54-228-250-82.eu-west-1.compute.amazonaws.com:5432/d97jvpal5pcpu7
Caused by: org.springframework.beans.BeanInstantiationException: Failed to instantiate [javax.sql.DataSource]: Factory method 'dataSource' threw exception; nested exception is java.lang.RuntimeException: Failed to get driver instance for jdbcUrl=jdbc:postgres://hfizmnealqfgij:e008234afb25b7a1b661428d71b021af8855b14c0d848373b0f922594ba4848d@ec2-54-228-250-82.eu-west-1.compute.amazonaws.com:5432/d97jvpal5pcpu7
Caused by: java.lang.RuntimeException: Failed to get driver instance for jdbcUrl=jdbc:postgres://hfizmnealqfgij:e008234afb25b7a1b661428d71b021af8855b14c0d848373b0f922594ba4848d@ec2-54-228-250-82.eu-west-1.compute.amazonaws.com:5432/d97jvpal5pcpu7
Caused by: java.sql.SQLException: No suitable driver

